
TO_CHAR(SYSDATE,'MM                                                             
-------------------                                                             
07/15/2008 19:54:15                                                             


'IPM_CP                                                                         
-------                                                                         
ipm_cpp                                                                         


'IPM_ST                                                                         
-------                                                                         
ipm_std                                                                         

old   1: truncate table "&1".ipm_std
new   1: truncate table "TSM10".ipm_std

Table truncated.

old   1: Insert into "&1".ipm_std
new   1: Insert into "TSM10".ipm_std

110 rows created.


Commit complete.


'IPM_WEIGH                                                                      
----------                                                                      
ipm_weight                                                                      


'IPM_PH2TO4_COEF                                                                
----------------                                                                
ipm_ph2to4_coeff                                                                


Table altered.


0 rows updated.


0 rows updated.


0 rows updated.


0 rows updated.


0 rows updated.


0 rows updated.


0 rows updated.


0 rows updated.


0 rows updated.


0 rows updated.


0 rows updated.


0 rows updated.


0 rows updated.


0 rows updated.


0 rows updated.


0 rows updated.


90 rows updated.


1366 rows updated.


1366 rows updated.

old   2: (select b.id from "&1".indmap b where b.code=a.coeff_value
new   2: (select b.id from "TSM10".indmap b where b.code=a.coeff_value

1106 rows updated.

old   2: (select b.id from "&1".indmap b where b.code=a.coeff_value
new   2: (select b.id from "TSM10".indmap b where b.code=a.coeff_value

115 rows updated.


22 rows updated.


21 rows updated.


0 rows deleted.


Commit complete.

old   1: truncate table "&1".ipm_ph2to4_coeff
new   1: truncate table "TSM10".ipm_ph2to4_coeff

Table truncated.


Sequence created.

old   1: Insert into "&1".ipm_ph2to4_coeff
new   1: Insert into "TSM10".ipm_ph2to4_coeff

1366 rows created.


Commit complete.


Sequence dropped.


'IPM_PH2TO4_ADJ_COEF                                                            
--------------------                                                            
ipm_ph2to4_adj_coeff                                                            


4 rows updated.


1306 rows updated.


1306 rows updated.

old   2: (select b.id from "&1".indmap b where b.code=a.coeff_value
new   2: (select b.id from "TSM10".indmap b where b.code=a.coeff_value

1231 rows updated.


Commit complete.

old   1: truncate table "&1".ipm_ph2to4_adj_coeff
new   1: truncate table "TSM10".ipm_ph2to4_adj_coeff

Table truncated.


Sequence created.

old   1: Insert into "&1".ipm_ph2to4_adj_coeff
new   1: Insert into "TSM10".ipm_ph2to4_adj_coeff

1306 rows created.


Commit complete.


Sequence dropped.


'IPM_PH2TO4_LKUP_COEF                                                           
---------------------                                                           
ipm_ph2to4_lkup_coeff                                                           


'IPM_PH2TO4_ADJ_COUNTRY_RATI                                                    
----------------------------                                                    
ipm_ph2to4_adj_country_ratio                                                    


'MODELLED_INCLUSIO                                                              
------------------                                                              
modelled_inclusion                                                              


TO_CHAR(SYSDATE,'MM                                                             
-------------------                                                             
07/15/2008 19:54:37                                                             

